14.07.2022 19:32:31	Этот журнал содержит сведения об операции импорта схемы в проект "Database1" на компьютере "DESKTOP-LA28585", выполненной пользователем "vikpr".
14.07.2022 19:32:32	Импорт схемы базы данных начат.
14.07.2022 19:32:39	Идет сбор учетных данных для базы данных
14.07.2022 19:32:39	Идет сбор параметров базы данных
14.07.2022 19:32:39	Идет сбор пользователей
14.07.2022 19:32:39	Идет сбор ролей
14.07.2022 19:32:39	Идет сбор ролей приложений
14.07.2022 19:32:39	Идет сбор членств ролей
14.07.2022 19:32:39	Идет сбор файловых групп
14.07.2022 19:32:39	Идет сбор полнотекстовых каталогов
14.07.2022 19:32:39	Идет сбор сборок
14.07.2022 19:32:39	Идет сбор сертификатов
14.07.2022 19:32:39	Идет сбор асимметричных ключей
14.07.2022 19:32:39	Идет сбор симметричных ключей
14.07.2022 19:32:39	Идет сбор зашифрованных симметричных ключей
14.07.2022 19:32:39	Идет сбор схем
14.07.2022 19:32:39	Идет сбор коллекции схем XML
14.07.2022 19:32:39	Идет сбор определяемых пользователем типов данных
14.07.2022 19:32:39	Идет сбор определяемых пользователем типов
14.07.2022 19:32:39	Идет сбор табличных типов
14.07.2022 19:32:39	Сбор уникальных ключей для табличных типов
14.07.2022 19:32:39	Идет сбор первичных ключей для табличных типов
14.07.2022 19:32:39	Сбор индексов для табличных типов
14.07.2022 19:32:39	Идет сбор проверочных ограничений для табличных типов
14.07.2022 19:32:39	Идет сбор ограничений по умолчанию для табличных типов
14.07.2022 19:32:39	Идет сбор функций секционирования
14.07.2022 19:32:39	Идет сбор схем секционирования
14.07.2022 19:32:39	Идет сбор функций
14.07.2022 19:32:39	Сбор зашифрованных функций
14.07.2022 19:32:39	Идет сбор статистических выражений
14.07.2022 19:32:39	Идет сбор процедур
14.07.2022 19:32:39	Сбор зашифрованных процедур
14.07.2022 19:32:39	Идет сбор таблиц
14.07.2022 19:32:39	Идет сбор первичных ключей
14.07.2022 19:32:39	Идет сбор ограничений уникальности
14.07.2022 19:32:39	Идет сбор внешних ключей
14.07.2022 19:32:39	Идет сбор ограничений по умолчанию
14.07.2022 19:32:39	Идет сбор проверочных ограничений
14.07.2022 19:32:39	Идет сбор представлений
14.07.2022 19:32:39	Сбор зашифрованных представлений
14.07.2022 19:32:39	Идет сбор индексов
14.07.2022 19:32:39	Идет сбор статистики
14.07.2022 19:32:39	Идет сбор списков стоп-слов полнотекстовых индексов
14.07.2022 19:32:39	Сбор списков свойств поиска
14.07.2022 19:32:39	Сбор свойств поиска
14.07.2022 19:32:39	Идет сбор полнотекстовых индексов
14.07.2022 19:32:39	Сбор индексов хранилища столбцов
14.07.2022 19:32:39	Идет сбор пространственных индексов
14.07.2022 19:32:39	Идет сбор XML-индексов
14.07.2022 19:32:39	Сбор селективных XML-индексов
14.07.2022 19:32:39	Сбор зашифрованных триггеров
14.07.2022 19:32:39	Идет сбор триггеров
14.07.2022 19:32:39	Идет сбор зашифрованных триггеров и триггеров ddl clr
14.07.2022 19:32:39	Идет сбор триггеров ddl
14.07.2022 19:32:39	Идет сбор синонимов
14.07.2022 19:32:39	Идет сбор значений по умолчанию
14.07.2022 19:32:39	Идет сбор привязок uddt ограничений данных
14.07.2022 19:32:39	Идет сбор правил
14.07.2022 19:32:39	Идет сбор привязок uddt ограничений данных
14.07.2022 19:32:39	Идет сбор типов сообщений
14.07.2022 19:32:39	Идет сбор списков ожидания
14.07.2022 19:32:39	Идет сбор контрактов
14.07.2022 19:32:39	Идет сбор служб
14.07.2022 19:32:39	Идет сбор уведомлений о событиях
14.07.2022 19:32:39	Идет сбор привязок удаленных служб
14.07.2022 19:32:39	Идет сбор приоритетов брокера
14.07.2022 19:32:39	Идет сбор подписей
14.07.2022 19:32:39	Идет сбор параметров сжатия данных
14.07.2022 19:32:39	Сбор типов последовательностей
14.07.2022 19:32:39	Идет сбор политик безопасности
14.07.2022 19:32:39	Сбор ключей шифрования столбцов
14.07.2022 19:32:39	Сбор главных ключей столбцов
14.07.2022 19:32:39	Выполняется сбор внешних источников данных
14.07.2022 19:32:39	Выполняется сбор внешних форматов файлов
14.07.2022 19:32:39	Выполняется сбор внешних таблиц
14.07.2022 19:32:39	Идет сбор расширенных свойств
14.07.2022 19:32:39	Идет сбор учетных данных
14.07.2022 19:32:39	Идет сбор имен входа
14.07.2022 19:32:39	Идет сбор аудитов сервера
14.07.2022 19:32:42	Выполняется проверка проекта на наличие повторяющихся элементов
14.07.2022 19:32:43	Обработка повторяющегося элемента завершена
14.07.2022 19:32:43	Импорт базы данных завершен.
14.07.2022 19:32:43	summary операции импорта была сохранена по следующему пути: C:\Users\vikpr\OneDrive\Рабочий стол\ИС Геодезия\WebApplication1\WebApplication1\Данные компании\Database1\Журналы импорта схем\Database1_20220714043231.log
14.07.2022 19:32:43	Для продолжения нажмите кнопку ''Готово''...
